[2025-01-06T19:39:23.525+0000] {processor.py:186} INFO - Started process (PID=3159) to work on /opt/airflow/dags/from airflow import DAG.py
[2025-01-06T19:39:23.527+0000] {processor.py:914} INFO - Processing file /opt/airflow/dags/from airflow import DAG.py for tasks to queue
[2025-01-06T19:39:23.532+0000] {logging_mixin.py:190} INFO - [2025-01-06T19:39:23.531+0000] {dagbag.py:588} INFO - Filling up the DagBag from /opt/airflow/dags/from airflow import DAG.py
[2025-01-06T19:39:23.571+0000] {processor.py:927} WARNING - No viable dags retrieved from /opt/airflow/dags/from airflow import DAG.py
[2025-01-06T19:39:23.594+0000] {processor.py:208} INFO - Processing /opt/airflow/dags/from airflow import DAG.py took 0.079 seconds
[2025-01-06T19:39:54.279+0000] {processor.py:186} INFO - Started process (PID=3222) to work on /opt/airflow/dags/from airflow import DAG.py
[2025-01-06T19:39:54.281+0000] {processor.py:914} INFO - Processing file /opt/airflow/dags/from airflow import DAG.py for tasks to queue
[2025-01-06T19:39:54.285+0000] {logging_mixin.py:190} INFO - [2025-01-06T19:39:54.284+0000] {dagbag.py:588} INFO - Filling up the DagBag from /opt/airflow/dags/from airflow import DAG.py
[2025-01-06T19:39:54.310+0000] {processor.py:927} WARNING - No viable dags retrieved from /opt/airflow/dags/from airflow import DAG.py
[2025-01-06T19:39:54.335+0000] {processor.py:208} INFO - Processing /opt/airflow/dags/from airflow import DAG.py took 0.071 seconds
[2025-01-06T19:40:24.659+0000] {processor.py:186} INFO - Started process (PID=3286) to work on /opt/airflow/dags/from airflow import DAG.py
[2025-01-06T19:40:24.662+0000] {processor.py:914} INFO - Processing file /opt/airflow/dags/from airflow import DAG.py for tasks to queue
[2025-01-06T19:40:24.669+0000] {logging_mixin.py:190} INFO - [2025-01-06T19:40:24.669+0000] {dagbag.py:588} INFO - Filling up the DagBag from /opt/airflow/dags/from airflow import DAG.py
[2025-01-06T19:40:24.693+0000] {processor.py:927} WARNING - No viable dags retrieved from /opt/airflow/dags/from airflow import DAG.py
[2025-01-06T19:40:24.717+0000] {processor.py:208} INFO - Processing /opt/airflow/dags/from airflow import DAG.py took 0.067 seconds
[2025-01-06T19:40:54.849+0000] {processor.py:186} INFO - Started process (PID=3349) to work on /opt/airflow/dags/from airflow import DAG.py
[2025-01-06T19:40:54.850+0000] {processor.py:914} INFO - Processing file /opt/airflow/dags/from airflow import DAG.py for tasks to queue
[2025-01-06T19:40:54.855+0000] {logging_mixin.py:190} INFO - [2025-01-06T19:40:54.854+0000] {dagbag.py:588} INFO - Filling up the DagBag from /opt/airflow/dags/from airflow import DAG.py
[2025-01-06T19:40:54.881+0000] {processor.py:927} WARNING - No viable dags retrieved from /opt/airflow/dags/from airflow import DAG.py
[2025-01-06T19:40:54.903+0000] {processor.py:208} INFO - Processing /opt/airflow/dags/from airflow import DAG.py took 0.063 seconds
[2025-01-06T19:41:24.976+0000] {processor.py:186} INFO - Started process (PID=3413) to work on /opt/airflow/dags/from airflow import DAG.py
[2025-01-06T19:41:24.978+0000] {processor.py:914} INFO - Processing file /opt/airflow/dags/from airflow import DAG.py for tasks to queue
[2025-01-06T19:41:24.981+0000] {logging_mixin.py:190} INFO - [2025-01-06T19:41:24.981+0000] {dagbag.py:588} INFO - Filling up the DagBag from /opt/airflow/dags/from airflow import DAG.py
[2025-01-06T19:41:25.005+0000] {processor.py:927} WARNING - No viable dags retrieved from /opt/airflow/dags/from airflow import DAG.py
[2025-01-06T19:41:25.025+0000] {processor.py:208} INFO - Processing /opt/airflow/dags/from airflow import DAG.py took 0.057 seconds
[2025-01-06T19:41:55.182+0000] {processor.py:186} INFO - Started process (PID=3477) to work on /opt/airflow/dags/from airflow import DAG.py
[2025-01-06T19:41:55.184+0000] {processor.py:914} INFO - Processing file /opt/airflow/dags/from airflow import DAG.py for tasks to queue
[2025-01-06T19:41:55.188+0000] {logging_mixin.py:190} INFO - [2025-01-06T19:41:55.188+0000] {dagbag.py:588} INFO - Filling up the DagBag from /opt/airflow/dags/from airflow import DAG.py
[2025-01-06T19:41:55.213+0000] {processor.py:927} WARNING - No viable dags retrieved from /opt/airflow/dags/from airflow import DAG.py
[2025-01-06T19:41:55.238+0000] {processor.py:208} INFO - Processing /opt/airflow/dags/from airflow import DAG.py took 0.066 seconds
[2025-01-06T19:42:25.375+0000] {processor.py:186} INFO - Started process (PID=3540) to work on /opt/airflow/dags/from airflow import DAG.py
[2025-01-06T19:42:25.376+0000] {processor.py:914} INFO - Processing file /opt/airflow/dags/from airflow import DAG.py for tasks to queue
[2025-01-06T19:42:25.380+0000] {logging_mixin.py:190} INFO - [2025-01-06T19:42:25.380+0000] {dagbag.py:588} INFO - Filling up the DagBag from /opt/airflow/dags/from airflow import DAG.py
[2025-01-06T19:42:25.405+0000] {processor.py:927} WARNING - No viable dags retrieved from /opt/airflow/dags/from airflow import DAG.py
[2025-01-06T19:42:25.428+0000] {processor.py:208} INFO - Processing /opt/airflow/dags/from airflow import DAG.py took 0.063 seconds
[2025-01-06T19:42:55.929+0000] {processor.py:186} INFO - Started process (PID=3604) to work on /opt/airflow/dags/from airflow import DAG.py
[2025-01-06T19:42:55.932+0000] {processor.py:914} INFO - Processing file /opt/airflow/dags/from airflow import DAG.py for tasks to queue
[2025-01-06T19:42:55.937+0000] {logging_mixin.py:190} INFO - [2025-01-06T19:42:55.936+0000] {dagbag.py:588} INFO - Filling up the DagBag from /opt/airflow/dags/from airflow import DAG.py
[2025-01-06T19:42:55.961+0000] {processor.py:927} WARNING - No viable dags retrieved from /opt/airflow/dags/from airflow import DAG.py
[2025-01-06T19:42:55.984+0000] {processor.py:208} INFO - Processing /opt/airflow/dags/from airflow import DAG.py took 0.065 seconds
[2025-01-06T19:43:26.436+0000] {processor.py:186} INFO - Started process (PID=3667) to work on /opt/airflow/dags/from airflow import DAG.py
[2025-01-06T19:43:26.438+0000] {processor.py:914} INFO - Processing file /opt/airflow/dags/from airflow import DAG.py for tasks to queue
[2025-01-06T19:43:26.441+0000] {logging_mixin.py:190} INFO - [2025-01-06T19:43:26.441+0000] {dagbag.py:588} INFO - Filling up the DagBag from /opt/airflow/dags/from airflow import DAG.py
[2025-01-06T19:43:26.468+0000] {processor.py:927} WARNING - No viable dags retrieved from /opt/airflow/dags/from airflow import DAG.py
[2025-01-06T19:43:26.489+0000] {processor.py:208} INFO - Processing /opt/airflow/dags/from airflow import DAG.py took 0.062 seconds
[2025-01-06T19:43:57.409+0000] {processor.py:186} INFO - Started process (PID=3730) to work on /opt/airflow/dags/from airflow import DAG.py
[2025-01-06T19:43:57.411+0000] {processor.py:914} INFO - Processing file /opt/airflow/dags/from airflow import DAG.py for tasks to queue
[2025-01-06T19:43:57.414+0000] {logging_mixin.py:190} INFO - [2025-01-06T19:43:57.414+0000] {dagbag.py:588} INFO - Filling up the DagBag from /opt/airflow/dags/from airflow import DAG.py
[2025-01-06T19:43:57.437+0000] {processor.py:927} WARNING - No viable dags retrieved from /opt/airflow/dags/from airflow import DAG.py
[2025-01-06T19:43:57.456+0000] {processor.py:208} INFO - Processing /opt/airflow/dags/from airflow import DAG.py took 0.055 seconds
[2025-01-06T19:44:27.836+0000] {processor.py:186} INFO - Started process (PID=3793) to work on /opt/airflow/dags/from airflow import DAG.py
[2025-01-06T19:44:27.838+0000] {processor.py:914} INFO - Processing file /opt/airflow/dags/from airflow import DAG.py for tasks to queue
[2025-01-06T19:44:27.845+0000] {logging_mixin.py:190} INFO - [2025-01-06T19:44:27.844+0000] {dagbag.py:588} INFO - Filling up the DagBag from /opt/airflow/dags/from airflow import DAG.py
[2025-01-06T19:44:27.877+0000] {processor.py:927} WARNING - No viable dags retrieved from /opt/airflow/dags/from airflow import DAG.py
[2025-01-06T19:44:27.912+0000] {processor.py:208} INFO - Processing /opt/airflow/dags/from airflow import DAG.py took 0.088 seconds
[2025-01-06T19:44:58.180+0000] {processor.py:186} INFO - Started process (PID=3857) to work on /opt/airflow/dags/from airflow import DAG.py
[2025-01-06T19:44:58.181+0000] {processor.py:914} INFO - Processing file /opt/airflow/dags/from airflow import DAG.py for tasks to queue
[2025-01-06T19:44:58.184+0000] {logging_mixin.py:190} INFO - [2025-01-06T19:44:58.184+0000] {dagbag.py:588} INFO - Filling up the DagBag from /opt/airflow/dags/from airflow import DAG.py
[2025-01-06T19:44:58.207+0000] {processor.py:927} WARNING - No viable dags retrieved from /opt/airflow/dags/from airflow import DAG.py
[2025-01-06T19:44:58.226+0000] {processor.py:208} INFO - Processing /opt/airflow/dags/from airflow import DAG.py took 0.054 seconds
[2025-01-06T19:45:28.283+0000] {processor.py:186} INFO - Started process (PID=3920) to work on /opt/airflow/dags/from airflow import DAG.py
[2025-01-06T19:45:28.284+0000] {processor.py:914} INFO - Processing file /opt/airflow/dags/from airflow import DAG.py for tasks to queue
[2025-01-06T19:45:28.287+0000] {logging_mixin.py:190} INFO - [2025-01-06T19:45:28.287+0000] {dagbag.py:588} INFO - Filling up the DagBag from /opt/airflow/dags/from airflow import DAG.py
[2025-01-06T19:45:28.311+0000] {processor.py:927} WARNING - No viable dags retrieved from /opt/airflow/dags/from airflow import DAG.py
[2025-01-06T19:45:28.330+0000] {processor.py:208} INFO - Processing /opt/airflow/dags/from airflow import DAG.py took 0.054 seconds
[2025-01-06T19:45:58.764+0000] {processor.py:186} INFO - Started process (PID=3982) to work on /opt/airflow/dags/from airflow import DAG.py
[2025-01-06T19:45:58.766+0000] {processor.py:914} INFO - Processing file /opt/airflow/dags/from airflow import DAG.py for tasks to queue
[2025-01-06T19:45:58.770+0000] {logging_mixin.py:190} INFO - [2025-01-06T19:45:58.770+0000] {dagbag.py:588} INFO - Filling up the DagBag from /opt/airflow/dags/from airflow import DAG.py
[2025-01-06T19:45:58.796+0000] {processor.py:927} WARNING - No viable dags retrieved from /opt/airflow/dags/from airflow import DAG.py
[2025-01-06T19:45:58.818+0000] {processor.py:208} INFO - Processing /opt/airflow/dags/from airflow import DAG.py took 0.064 seconds
[2025-01-06T19:46:29.402+0000] {processor.py:186} INFO - Started process (PID=4046) to work on /opt/airflow/dags/from airflow import DAG.py
[2025-01-06T19:46:29.405+0000] {processor.py:914} INFO - Processing file /opt/airflow/dags/from airflow import DAG.py for tasks to queue
[2025-01-06T19:46:29.411+0000] {logging_mixin.py:190} INFO - [2025-01-06T19:46:29.410+0000] {dagbag.py:588} INFO - Filling up the DagBag from /opt/airflow/dags/from airflow import DAG.py
[2025-01-06T19:46:29.437+0000] {processor.py:927} WARNING - No viable dags retrieved from /opt/airflow/dags/from airflow import DAG.py
[2025-01-06T19:46:29.465+0000] {processor.py:208} INFO - Processing /opt/airflow/dags/from airflow import DAG.py took 0.074 seconds
[2025-01-06T19:46:59.566+0000] {processor.py:186} INFO - Started process (PID=4110) to work on /opt/airflow/dags/from airflow import DAG.py
[2025-01-06T19:46:59.567+0000] {processor.py:914} INFO - Processing file /opt/airflow/dags/from airflow import DAG.py for tasks to queue
[2025-01-06T19:46:59.573+0000] {logging_mixin.py:190} INFO - [2025-01-06T19:46:59.572+0000] {dagbag.py:588} INFO - Filling up the DagBag from /opt/airflow/dags/from airflow import DAG.py
[2025-01-06T19:46:59.600+0000] {processor.py:927} WARNING - No viable dags retrieved from /opt/airflow/dags/from airflow import DAG.py
[2025-01-06T19:46:59.623+0000] {processor.py:208} INFO - Processing /opt/airflow/dags/from airflow import DAG.py took 0.070 seconds
[2025-01-06T19:47:29.711+0000] {processor.py:186} INFO - Started process (PID=4174) to work on /opt/airflow/dags/from airflow import DAG.py
[2025-01-06T19:47:29.712+0000] {processor.py:914} INFO - Processing file /opt/airflow/dags/from airflow import DAG.py for tasks to queue
[2025-01-06T19:47:29.717+0000] {logging_mixin.py:190} INFO - [2025-01-06T19:47:29.716+0000] {dagbag.py:588} INFO - Filling up the DagBag from /opt/airflow/dags/from airflow import DAG.py
[2025-01-06T19:47:29.743+0000] {processor.py:927} WARNING - No viable dags retrieved from /opt/airflow/dags/from airflow import DAG.py
[2025-01-06T19:47:29.766+0000] {processor.py:208} INFO - Processing /opt/airflow/dags/from airflow import DAG.py took 0.064 seconds
[2025-01-06T19:48:00.656+0000] {processor.py:186} INFO - Started process (PID=4238) to work on /opt/airflow/dags/from airflow import DAG.py
[2025-01-06T19:48:00.658+0000] {processor.py:914} INFO - Processing file /opt/airflow/dags/from airflow import DAG.py for tasks to queue
[2025-01-06T19:48:00.663+0000] {logging_mixin.py:190} INFO - [2025-01-06T19:48:00.662+0000] {dagbag.py:588} INFO - Filling up the DagBag from /opt/airflow/dags/from airflow import DAG.py
[2025-01-06T19:48:00.692+0000] {processor.py:927} WARNING - No viable dags retrieved from /opt/airflow/dags/from airflow import DAG.py
[2025-01-06T19:48:00.718+0000] {processor.py:208} INFO - Processing /opt/airflow/dags/from airflow import DAG.py took 0.073 seconds
[2025-01-06T19:48:30.857+0000] {processor.py:186} INFO - Started process (PID=4302) to work on /opt/airflow/dags/from airflow import DAG.py
[2025-01-06T19:48:30.859+0000] {processor.py:914} INFO - Processing file /opt/airflow/dags/from airflow import DAG.py for tasks to queue
[2025-01-06T19:48:30.865+0000] {logging_mixin.py:190} INFO - [2025-01-06T19:48:30.864+0000] {dagbag.py:588} INFO - Filling up the DagBag from /opt/airflow/dags/from airflow import DAG.py
[2025-01-06T19:48:30.891+0000] {processor.py:927} WARNING - No viable dags retrieved from /opt/airflow/dags/from airflow import DAG.py
[2025-01-06T19:48:30.920+0000] {processor.py:208} INFO - Processing /opt/airflow/dags/from airflow import DAG.py took 0.073 seconds
[2025-01-06T19:49:01.488+0000] {processor.py:186} INFO - Started process (PID=4366) to work on /opt/airflow/dags/from airflow import DAG.py
[2025-01-06T19:49:01.490+0000] {processor.py:914} INFO - Processing file /opt/airflow/dags/from airflow import DAG.py for tasks to queue
[2025-01-06T19:49:01.494+0000] {logging_mixin.py:190} INFO - [2025-01-06T19:49:01.493+0000] {dagbag.py:588} INFO - Filling up the DagBag from /opt/airflow/dags/from airflow import DAG.py
[2025-01-06T19:49:01.521+0000] {processor.py:927} WARNING - No viable dags retrieved from /opt/airflow/dags/from airflow import DAG.py
[2025-01-06T19:49:01.542+0000] {processor.py:208} INFO - Processing /opt/airflow/dags/from airflow import DAG.py took 0.063 seconds
[2025-01-06T19:49:31.923+0000] {processor.py:186} INFO - Started process (PID=4430) to work on /opt/airflow/dags/from airflow import DAG.py
[2025-01-06T19:49:31.925+0000] {processor.py:914} INFO - Processing file /opt/airflow/dags/from airflow import DAG.py for tasks to queue
[2025-01-06T19:49:31.930+0000] {logging_mixin.py:190} INFO - [2025-01-06T19:49:31.930+0000] {dagbag.py:588} INFO - Filling up the DagBag from /opt/airflow/dags/from airflow import DAG.py
[2025-01-06T19:49:31.957+0000] {processor.py:927} WARNING - No viable dags retrieved from /opt/airflow/dags/from airflow import DAG.py
[2025-01-06T19:49:31.981+0000] {processor.py:208} INFO - Processing /opt/airflow/dags/from airflow import DAG.py took 0.068 seconds
[2025-01-06T19:50:02.284+0000] {processor.py:186} INFO - Started process (PID=4494) to work on /opt/airflow/dags/from airflow import DAG.py
[2025-01-06T19:50:02.285+0000] {processor.py:914} INFO - Processing file /opt/airflow/dags/from airflow import DAG.py for tasks to queue
[2025-01-06T19:50:02.289+0000] {logging_mixin.py:190} INFO - [2025-01-06T19:50:02.288+0000] {dagbag.py:588} INFO - Filling up the DagBag from /opt/airflow/dags/from airflow import DAG.py
[2025-01-06T19:50:02.317+0000] {processor.py:927} WARNING - No viable dags retrieved from /opt/airflow/dags/from airflow import DAG.py
[2025-01-06T19:50:02.338+0000] {processor.py:208} INFO - Processing /opt/airflow/dags/from airflow import DAG.py took 0.062 seconds
[2025-01-06T19:50:33.103+0000] {processor.py:186} INFO - Started process (PID=4564) to work on /opt/airflow/dags/from airflow import DAG.py
[2025-01-06T19:50:33.106+0000] {processor.py:914} INFO - Processing file /opt/airflow/dags/from airflow import DAG.py for tasks to queue
[2025-01-06T19:50:33.113+0000] {logging_mixin.py:190} INFO - [2025-01-06T19:50:33.112+0000] {dagbag.py:588} INFO - Filling up the DagBag from /opt/airflow/dags/from airflow import DAG.py
[2025-01-06T19:50:33.155+0000] {processor.py:927} WARNING - No viable dags retrieved from /opt/airflow/dags/from airflow import DAG.py
[2025-01-06T19:50:33.198+0000] {processor.py:208} INFO - Processing /opt/airflow/dags/from airflow import DAG.py took 0.107 seconds
[2025-01-06T19:51:03.349+0000] {processor.py:186} INFO - Started process (PID=4628) to work on /opt/airflow/dags/from airflow import DAG.py
[2025-01-06T19:51:03.351+0000] {processor.py:914} INFO - Processing file /opt/airflow/dags/from airflow import DAG.py for tasks to queue
[2025-01-06T19:51:03.357+0000] {logging_mixin.py:190} INFO - [2025-01-06T19:51:03.355+0000] {dagbag.py:588} INFO - Filling up the DagBag from /opt/airflow/dags/from airflow import DAG.py
[2025-01-06T19:51:03.380+0000] {processor.py:927} WARNING - No viable dags retrieved from /opt/airflow/dags/from airflow import DAG.py
[2025-01-06T19:51:03.404+0000] {processor.py:208} INFO - Processing /opt/airflow/dags/from airflow import DAG.py took 0.063 seconds
[2025-01-06T19:51:33.745+0000] {processor.py:186} INFO - Started process (PID=4691) to work on /opt/airflow/dags/from airflow import DAG.py
[2025-01-06T19:51:33.746+0000] {processor.py:914} INFO - Processing file /opt/airflow/dags/from airflow import DAG.py for tasks to queue
[2025-01-06T19:51:33.750+0000] {logging_mixin.py:190} INFO - [2025-01-06T19:51:33.750+0000] {dagbag.py:588} INFO - Filling up the DagBag from /opt/airflow/dags/from airflow import DAG.py
[2025-01-06T19:51:33.780+0000] {processor.py:927} WARNING - No viable dags retrieved from /opt/airflow/dags/from airflow import DAG.py
[2025-01-06T19:51:33.807+0000] {processor.py:208} INFO - Processing /opt/airflow/dags/from airflow import DAG.py took 0.072 seconds
[2025-01-06T20:28:23.301+0000] {processor.py:186} INFO - Started process (PID=70) to work on /opt/airflow/dags/from airflow import DAG.py
[2025-01-06T20:28:23.302+0000] {processor.py:914} INFO - Processing file /opt/airflow/dags/from airflow import DAG.py for tasks to queue
[2025-01-06T20:28:23.308+0000] {logging_mixin.py:190} INFO - [2025-01-06T20:28:23.307+0000] {dagbag.py:588} INFO - Filling up the DagBag from /opt/airflow/dags/from airflow import DAG.py
[2025-01-06T20:28:23.333+0000] {processor.py:927} WARNING - No viable dags retrieved from /opt/airflow/dags/from airflow import DAG.py
[2025-01-06T20:28:23.354+0000] {processor.py:208} INFO - Processing /opt/airflow/dags/from airflow import DAG.py took 0.061 seconds
[2025-01-06T20:28:54.227+0000] {processor.py:186} INFO - Started process (PID=140) to work on /opt/airflow/dags/from airflow import DAG.py
[2025-01-06T20:28:54.231+0000] {processor.py:914} INFO - Processing file /opt/airflow/dags/from airflow import DAG.py for tasks to queue
[2025-01-06T20:28:54.237+0000] {logging_mixin.py:190} INFO - [2025-01-06T20:28:54.236+0000] {dagbag.py:588} INFO - Filling up the DagBag from /opt/airflow/dags/from airflow import DAG.py
[2025-01-06T20:28:54.278+0000] {processor.py:927} WARNING - No viable dags retrieved from /opt/airflow/dags/from airflow import DAG.py
[2025-01-06T20:28:54.295+0000] {processor.py:208} INFO - Processing /opt/airflow/dags/from airflow import DAG.py took 0.087 seconds
[2025-01-06T20:29:25.196+0000] {processor.py:186} INFO - Started process (PID=204) to work on /opt/airflow/dags/from airflow import DAG.py
[2025-01-06T20:29:25.197+0000] {processor.py:914} INFO - Processing file /opt/airflow/dags/from airflow import DAG.py for tasks to queue
[2025-01-06T20:29:25.199+0000] {logging_mixin.py:190} INFO - [2025-01-06T20:29:25.199+0000] {dagbag.py:588} INFO - Filling up the DagBag from /opt/airflow/dags/from airflow import DAG.py
[2025-01-06T20:29:25.214+0000] {processor.py:927} WARNING - No viable dags retrieved from /opt/airflow/dags/from airflow import DAG.py
[2025-01-06T20:29:25.230+0000] {processor.py:208} INFO - Processing /opt/airflow/dags/from airflow import DAG.py took 0.039 seconds
[2025-01-06T20:29:55.663+0000] {processor.py:186} INFO - Started process (PID=268) to work on /opt/airflow/dags/from airflow import DAG.py
[2025-01-06T20:29:55.664+0000] {processor.py:914} INFO - Processing file /opt/airflow/dags/from airflow import DAG.py for tasks to queue
[2025-01-06T20:29:55.668+0000] {logging_mixin.py:190} INFO - [2025-01-06T20:29:55.667+0000] {dagbag.py:588} INFO - Filling up the DagBag from /opt/airflow/dags/from airflow import DAG.py
[2025-01-06T20:29:55.681+0000] {processor.py:927} WARNING - No viable dags retrieved from /opt/airflow/dags/from airflow import DAG.py
[2025-01-06T20:29:55.697+0000] {processor.py:208} INFO - Processing /opt/airflow/dags/from airflow import DAG.py took 0.043 seconds
[2025-01-06T20:30:26.393+0000] {processor.py:186} INFO - Started process (PID=332) to work on /opt/airflow/dags/from airflow import DAG.py
[2025-01-06T20:30:26.394+0000] {processor.py:914} INFO - Processing file /opt/airflow/dags/from airflow import DAG.py for tasks to queue
[2025-01-06T20:30:26.397+0000] {logging_mixin.py:190} INFO - [2025-01-06T20:30:26.397+0000] {dagbag.py:588} INFO - Filling up the DagBag from /opt/airflow/dags/from airflow import DAG.py
[2025-01-06T20:30:26.411+0000] {processor.py:927} WARNING - No viable dags retrieved from /opt/airflow/dags/from airflow import DAG.py
[2025-01-06T20:30:26.430+0000] {processor.py:208} INFO - Processing /opt/airflow/dags/from airflow import DAG.py took 0.046 seconds
[2025-01-06T20:30:56.491+0000] {processor.py:186} INFO - Started process (PID=400) to work on /opt/airflow/dags/from airflow import DAG.py
[2025-01-06T20:30:56.492+0000] {processor.py:914} INFO - Processing file /opt/airflow/dags/from airflow import DAG.py for tasks to queue
[2025-01-06T20:30:56.494+0000] {logging_mixin.py:190} INFO - [2025-01-06T20:30:56.494+0000] {dagbag.py:588} INFO - Filling up the DagBag from /opt/airflow/dags/from airflow import DAG.py
[2025-01-06T20:30:56.508+0000] {processor.py:927} WARNING - No viable dags retrieved from /opt/airflow/dags/from airflow import DAG.py
[2025-01-06T20:30:56.522+0000] {processor.py:208} INFO - Processing /opt/airflow/dags/from airflow import DAG.py took 0.037 seconds
[2025-01-06T20:31:26.770+0000] {processor.py:186} INFO - Started process (PID=464) to work on /opt/airflow/dags/from airflow import DAG.py
[2025-01-06T20:31:26.770+0000] {processor.py:914} INFO - Processing file /opt/airflow/dags/from airflow import DAG.py for tasks to queue
[2025-01-06T20:31:26.773+0000] {logging_mixin.py:190} INFO - [2025-01-06T20:31:26.773+0000] {dagbag.py:588} INFO - Filling up the DagBag from /opt/airflow/dags/from airflow import DAG.py
[2025-01-06T20:31:26.795+0000] {processor.py:927} WARNING - No viable dags retrieved from /opt/airflow/dags/from airflow import DAG.py
[2025-01-06T20:31:26.810+0000] {processor.py:208} INFO - Processing /opt/airflow/dags/from airflow import DAG.py took 0.046 seconds
[2025-01-06T20:31:57.456+0000] {processor.py:186} INFO - Started process (PID=528) to work on /opt/airflow/dags/from airflow import DAG.py
[2025-01-06T20:31:57.457+0000] {processor.py:914} INFO - Processing file /opt/airflow/dags/from airflow import DAG.py for tasks to queue
[2025-01-06T20:31:57.461+0000] {logging_mixin.py:190} INFO - [2025-01-06T20:31:57.460+0000] {dagbag.py:588} INFO - Filling up the DagBag from /opt/airflow/dags/from airflow import DAG.py
[2025-01-06T20:31:57.474+0000] {processor.py:927} WARNING - No viable dags retrieved from /opt/airflow/dags/from airflow import DAG.py
[2025-01-06T20:31:57.488+0000] {processor.py:208} INFO - Processing /opt/airflow/dags/from airflow import DAG.py took 0.038 seconds
[2025-01-06T20:32:27.569+0000] {processor.py:186} INFO - Started process (PID=592) to work on /opt/airflow/dags/from airflow import DAG.py
[2025-01-06T20:32:27.571+0000] {processor.py:914} INFO - Processing file /opt/airflow/dags/from airflow import DAG.py for tasks to queue
[2025-01-06T20:32:27.574+0000] {logging_mixin.py:190} INFO - [2025-01-06T20:32:27.574+0000] {dagbag.py:588} INFO - Filling up the DagBag from /opt/airflow/dags/from airflow import DAG.py
[2025-01-06T20:32:27.589+0000] {processor.py:927} WARNING - No viable dags retrieved from /opt/airflow/dags/from airflow import DAG.py
[2025-01-06T20:32:27.605+0000] {processor.py:208} INFO - Processing /opt/airflow/dags/from airflow import DAG.py took 0.044 seconds
[2025-01-06T20:32:58.445+0000] {processor.py:186} INFO - Started process (PID=656) to work on /opt/airflow/dags/from airflow import DAG.py
[2025-01-06T20:32:58.446+0000] {processor.py:914} INFO - Processing file /opt/airflow/dags/from airflow import DAG.py for tasks to queue
[2025-01-06T20:32:58.448+0000] {logging_mixin.py:190} INFO - [2025-01-06T20:32:58.448+0000] {dagbag.py:588} INFO - Filling up the DagBag from /opt/airflow/dags/from airflow import DAG.py
[2025-01-06T20:32:58.459+0000] {processor.py:927} WARNING - No viable dags retrieved from /opt/airflow/dags/from airflow import DAG.py
[2025-01-06T20:32:58.471+0000] {processor.py:208} INFO - Processing /opt/airflow/dags/from airflow import DAG.py took 0.030 seconds
[2025-01-06T20:33:29.026+0000] {processor.py:186} INFO - Started process (PID=720) to work on /opt/airflow/dags/from airflow import DAG.py
[2025-01-06T20:33:29.027+0000] {processor.py:914} INFO - Processing file /opt/airflow/dags/from airflow import DAG.py for tasks to queue
[2025-01-06T20:33:29.031+0000] {logging_mixin.py:190} INFO - [2025-01-06T20:33:29.030+0000] {dagbag.py:588} INFO - Filling up the DagBag from /opt/airflow/dags/from airflow import DAG.py
[2025-01-06T20:33:29.051+0000] {processor.py:927} WARNING - No viable dags retrieved from /opt/airflow/dags/from airflow import DAG.py
[2025-01-06T20:33:29.069+0000] {processor.py:208} INFO - Processing /opt/airflow/dags/from airflow import DAG.py took 0.050 seconds
[2025-01-06T20:34:00.116+0000] {processor.py:186} INFO - Started process (PID=784) to work on /opt/airflow/dags/from airflow import DAG.py
[2025-01-06T20:34:00.117+0000] {processor.py:914} INFO - Processing file /opt/airflow/dags/from airflow import DAG.py for tasks to queue
[2025-01-06T20:34:00.119+0000] {logging_mixin.py:190} INFO - [2025-01-06T20:34:00.119+0000] {dagbag.py:588} INFO - Filling up the DagBag from /opt/airflow/dags/from airflow import DAG.py
[2025-01-06T20:34:00.131+0000] {processor.py:927} WARNING - No viable dags retrieved from /opt/airflow/dags/from airflow import DAG.py
[2025-01-06T20:34:00.144+0000] {processor.py:208} INFO - Processing /opt/airflow/dags/from airflow import DAG.py took 0.034 seconds
[2025-01-06T20:34:30.492+0000] {processor.py:186} INFO - Started process (PID=850) to work on /opt/airflow/dags/from airflow import DAG.py
[2025-01-06T20:34:30.493+0000] {processor.py:914} INFO - Processing file /opt/airflow/dags/from airflow import DAG.py for tasks to queue
[2025-01-06T20:34:30.495+0000] {logging_mixin.py:190} INFO - [2025-01-06T20:34:30.495+0000] {dagbag.py:588} INFO - Filling up the DagBag from /opt/airflow/dags/from airflow import DAG.py
[2025-01-06T20:34:30.508+0000] {processor.py:927} WARNING - No viable dags retrieved from /opt/airflow/dags/from airflow import DAG.py
[2025-01-06T20:34:30.522+0000] {processor.py:208} INFO - Processing /opt/airflow/dags/from airflow import DAG.py took 0.037 seconds
[2025-01-06T20:35:00.725+0000] {processor.py:186} INFO - Started process (PID=914) to work on /opt/airflow/dags/from airflow import DAG.py
[2025-01-06T20:35:00.726+0000] {processor.py:914} INFO - Processing file /opt/airflow/dags/from airflow import DAG.py for tasks to queue
[2025-01-06T20:35:00.728+0000] {logging_mixin.py:190} INFO - [2025-01-06T20:35:00.728+0000] {dagbag.py:588} INFO - Filling up the DagBag from /opt/airflow/dags/from airflow import DAG.py
[2025-01-06T20:35:00.742+0000] {processor.py:927} WARNING - No viable dags retrieved from /opt/airflow/dags/from airflow import DAG.py
[2025-01-06T20:35:00.755+0000] {processor.py:208} INFO - Processing /opt/airflow/dags/from airflow import DAG.py took 0.036 seconds
[2025-01-06T20:35:31.088+0000] {processor.py:186} INFO - Started process (PID=978) to work on /opt/airflow/dags/from airflow import DAG.py
[2025-01-06T20:35:31.090+0000] {processor.py:914} INFO - Processing file /opt/airflow/dags/from airflow import DAG.py for tasks to queue
[2025-01-06T20:35:31.094+0000] {logging_mixin.py:190} INFO - [2025-01-06T20:35:31.094+0000] {dagbag.py:588} INFO - Filling up the DagBag from /opt/airflow/dags/from airflow import DAG.py
[2025-01-06T20:35:31.110+0000] {processor.py:927} WARNING - No viable dags retrieved from /opt/airflow/dags/from airflow import DAG.py
[2025-01-06T20:35:31.130+0000] {processor.py:208} INFO - Processing /opt/airflow/dags/from airflow import DAG.py took 0.050 seconds
[2025-01-06T20:36:01.533+0000] {processor.py:186} INFO - Started process (PID=1042) to work on /opt/airflow/dags/from airflow import DAG.py
[2025-01-06T20:36:01.535+0000] {processor.py:914} INFO - Processing file /opt/airflow/dags/from airflow import DAG.py for tasks to queue
[2025-01-06T20:36:01.538+0000] {logging_mixin.py:190} INFO - [2025-01-06T20:36:01.538+0000] {dagbag.py:588} INFO - Filling up the DagBag from /opt/airflow/dags/from airflow import DAG.py
[2025-01-06T20:36:01.597+0000] {processor.py:927} WARNING - No viable dags retrieved from /opt/airflow/dags/from airflow import DAG.py
[2025-01-06T20:36:01.622+0000] {processor.py:208} INFO - Processing /opt/airflow/dags/from airflow import DAG.py took 0.096 seconds
[2025-01-06T20:36:31.763+0000] {processor.py:186} INFO - Started process (PID=1106) to work on /opt/airflow/dags/from airflow import DAG.py
[2025-01-06T20:36:31.764+0000] {processor.py:914} INFO - Processing file /opt/airflow/dags/from airflow import DAG.py for tasks to queue
[2025-01-06T20:36:31.767+0000] {logging_mixin.py:190} INFO - [2025-01-06T20:36:31.766+0000] {dagbag.py:588} INFO - Filling up the DagBag from /opt/airflow/dags/from airflow import DAG.py
[2025-01-06T20:36:31.780+0000] {processor.py:927} WARNING - No viable dags retrieved from /opt/airflow/dags/from airflow import DAG.py
[2025-01-06T20:36:31.795+0000] {processor.py:208} INFO - Processing /opt/airflow/dags/from airflow import DAG.py took 0.039 seconds
[2025-01-06T20:37:02.230+0000] {processor.py:186} INFO - Started process (PID=1170) to work on /opt/airflow/dags/from airflow import DAG.py
[2025-01-06T20:37:02.231+0000] {processor.py:914} INFO - Processing file /opt/airflow/dags/from airflow import DAG.py for tasks to queue
[2025-01-06T20:37:02.235+0000] {logging_mixin.py:190} INFO - [2025-01-06T20:37:02.234+0000] {dagbag.py:588} INFO - Filling up the DagBag from /opt/airflow/dags/from airflow import DAG.py
[2025-01-06T20:37:02.251+0000] {processor.py:927} WARNING - No viable dags retrieved from /opt/airflow/dags/from airflow import DAG.py
[2025-01-06T20:37:02.270+0000] {processor.py:208} INFO - Processing /opt/airflow/dags/from airflow import DAG.py took 0.046 seconds
[2025-01-06T20:37:32.883+0000] {processor.py:186} INFO - Started process (PID=1234) to work on /opt/airflow/dags/from airflow import DAG.py
[2025-01-06T20:37:32.884+0000] {processor.py:914} INFO - Processing file /opt/airflow/dags/from airflow import DAG.py for tasks to queue
[2025-01-06T20:37:32.887+0000] {logging_mixin.py:190} INFO - [2025-01-06T20:37:32.886+0000] {dagbag.py:588} INFO - Filling up the DagBag from /opt/airflow/dags/from airflow import DAG.py
[2025-01-06T20:37:32.897+0000] {processor.py:927} WARNING - No viable dags retrieved from /opt/airflow/dags/from airflow import DAG.py
[2025-01-06T20:37:32.910+0000] {processor.py:208} INFO - Processing /opt/airflow/dags/from airflow import DAG.py took 0.031 seconds
[2025-01-06T20:38:02.978+0000] {processor.py:186} INFO - Started process (PID=1298) to work on /opt/airflow/dags/from airflow import DAG.py
[2025-01-06T20:38:02.979+0000] {processor.py:914} INFO - Processing file /opt/airflow/dags/from airflow import DAG.py for tasks to queue
[2025-01-06T20:38:02.981+0000] {logging_mixin.py:190} INFO - [2025-01-06T20:38:02.981+0000] {dagbag.py:588} INFO - Filling up the DagBag from /opt/airflow/dags/from airflow import DAG.py
[2025-01-06T20:38:02.995+0000] {processor.py:927} WARNING - No viable dags retrieved from /opt/airflow/dags/from airflow import DAG.py
[2025-01-06T20:38:03.009+0000] {processor.py:208} INFO - Processing /opt/airflow/dags/from airflow import DAG.py took 0.037 seconds
[2025-01-06T20:38:33.714+0000] {processor.py:186} INFO - Started process (PID=1362) to work on /opt/airflow/dags/from airflow import DAG.py
[2025-01-06T20:38:33.715+0000] {processor.py:914} INFO - Processing file /opt/airflow/dags/from airflow import DAG.py for tasks to queue
[2025-01-06T20:38:33.717+0000] {logging_mixin.py:190} INFO - [2025-01-06T20:38:33.717+0000] {dagbag.py:588} INFO - Filling up the DagBag from /opt/airflow/dags/from airflow import DAG.py
[2025-01-06T20:38:33.728+0000] {processor.py:927} WARNING - No viable dags retrieved from /opt/airflow/dags/from airflow import DAG.py
[2025-01-06T20:38:33.740+0000] {processor.py:208} INFO - Processing /opt/airflow/dags/from airflow import DAG.py took 0.031 seconds
[2025-01-06T20:39:04.323+0000] {processor.py:186} INFO - Started process (PID=1426) to work on /opt/airflow/dags/from airflow import DAG.py
[2025-01-06T20:39:04.324+0000] {processor.py:914} INFO - Processing file /opt/airflow/dags/from airflow import DAG.py for tasks to queue
[2025-01-06T20:39:04.326+0000] {logging_mixin.py:190} INFO - [2025-01-06T20:39:04.326+0000] {dagbag.py:588} INFO - Filling up the DagBag from /opt/airflow/dags/from airflow import DAG.py
[2025-01-06T20:39:04.338+0000] {processor.py:927} WARNING - No viable dags retrieved from /opt/airflow/dags/from airflow import DAG.py
[2025-01-06T20:39:04.352+0000] {processor.py:208} INFO - Processing /opt/airflow/dags/from airflow import DAG.py took 0.034 seconds
[2025-01-06T20:39:34.553+0000] {processor.py:186} INFO - Started process (PID=1490) to work on /opt/airflow/dags/from airflow import DAG.py
[2025-01-06T20:39:34.560+0000] {processor.py:914} INFO - Processing file /opt/airflow/dags/from airflow import DAG.py for tasks to queue
[2025-01-06T20:39:34.563+0000] {logging_mixin.py:190} INFO - [2025-01-06T20:39:34.562+0000] {dagbag.py:588} INFO - Filling up the DagBag from /opt/airflow/dags/from airflow import DAG.py
[2025-01-06T20:39:34.574+0000] {processor.py:927} WARNING - No viable dags retrieved from /opt/airflow/dags/from airflow import DAG.py
[2025-01-06T20:39:34.586+0000] {processor.py:208} INFO - Processing /opt/airflow/dags/from airflow import DAG.py took 0.040 seconds
[2025-01-06T20:40:04.808+0000] {processor.py:186} INFO - Started process (PID=1554) to work on /opt/airflow/dags/from airflow import DAG.py
[2025-01-06T20:40:04.809+0000] {processor.py:914} INFO - Processing file /opt/airflow/dags/from airflow import DAG.py for tasks to queue
[2025-01-06T20:40:04.812+0000] {logging_mixin.py:190} INFO - [2025-01-06T20:40:04.811+0000] {dagbag.py:588} INFO - Filling up the DagBag from /opt/airflow/dags/from airflow import DAG.py
[2025-01-06T20:40:04.829+0000] {processor.py:927} WARNING - No viable dags retrieved from /opt/airflow/dags/from airflow import DAG.py
[2025-01-06T20:40:04.844+0000] {processor.py:208} INFO - Processing /opt/airflow/dags/from airflow import DAG.py took 0.046 seconds
[2025-01-06T20:40:35.063+0000] {processor.py:186} INFO - Started process (PID=1618) to work on /opt/airflow/dags/from airflow import DAG.py
[2025-01-06T20:40:35.064+0000] {processor.py:914} INFO - Processing file /opt/airflow/dags/from airflow import DAG.py for tasks to queue
[2025-01-06T20:40:35.066+0000] {logging_mixin.py:190} INFO - [2025-01-06T20:40:35.066+0000] {dagbag.py:588} INFO - Filling up the DagBag from /opt/airflow/dags/from airflow import DAG.py
[2025-01-06T20:40:35.078+0000] {processor.py:927} WARNING - No viable dags retrieved from /opt/airflow/dags/from airflow import DAG.py
[2025-01-06T20:40:35.091+0000] {processor.py:208} INFO - Processing /opt/airflow/dags/from airflow import DAG.py took 0.034 seconds
[2025-01-06T20:41:05.198+0000] {processor.py:186} INFO - Started process (PID=1683) to work on /opt/airflow/dags/from airflow import DAG.py
[2025-01-06T20:41:05.200+0000] {processor.py:914} INFO - Processing file /opt/airflow/dags/from airflow import DAG.py for tasks to queue
[2025-01-06T20:41:05.203+0000] {logging_mixin.py:190} INFO - [2025-01-06T20:41:05.203+0000] {dagbag.py:588} INFO - Filling up the DagBag from /opt/airflow/dags/from airflow import DAG.py
[2025-01-06T20:41:05.216+0000] {processor.py:927} WARNING - No viable dags retrieved from /opt/airflow/dags/from airflow import DAG.py
[2025-01-06T20:41:05.233+0000] {processor.py:208} INFO - Processing /opt/airflow/dags/from airflow import DAG.py took 0.041 seconds
[2025-01-06T20:41:35.448+0000] {processor.py:186} INFO - Started process (PID=1748) to work on /opt/airflow/dags/from airflow import DAG.py
[2025-01-06T20:41:35.449+0000] {processor.py:914} INFO - Processing file /opt/airflow/dags/from airflow import DAG.py for tasks to queue
[2025-01-06T20:41:35.451+0000] {logging_mixin.py:190} INFO - [2025-01-06T20:41:35.450+0000] {dagbag.py:588} INFO - Filling up the DagBag from /opt/airflow/dags/from airflow import DAG.py
[2025-01-06T20:41:35.467+0000] {processor.py:927} WARNING - No viable dags retrieved from /opt/airflow/dags/from airflow import DAG.py
[2025-01-06T20:41:35.480+0000] {processor.py:208} INFO - Processing /opt/airflow/dags/from airflow import DAG.py took 0.037 seconds
[2025-01-06T20:42:05.794+0000] {processor.py:186} INFO - Started process (PID=1810) to work on /opt/airflow/dags/from airflow import DAG.py
[2025-01-06T20:42:05.795+0000] {processor.py:914} INFO - Processing file /opt/airflow/dags/from airflow import DAG.py for tasks to queue
[2025-01-06T20:42:05.797+0000] {logging_mixin.py:190} INFO - [2025-01-06T20:42:05.797+0000] {dagbag.py:588} INFO - Filling up the DagBag from /opt/airflow/dags/from airflow import DAG.py
[2025-01-06T20:42:05.809+0000] {processor.py:927} WARNING - No viable dags retrieved from /opt/airflow/dags/from airflow import DAG.py
[2025-01-06T20:42:05.821+0000] {processor.py:208} INFO - Processing /opt/airflow/dags/from airflow import DAG.py took 0.032 seconds
[2025-01-06T20:42:36.993+0000] {processor.py:186} INFO - Started process (PID=1867) to work on /opt/airflow/dags/from airflow import DAG.py
[2025-01-06T20:42:36.994+0000] {processor.py:914} INFO - Processing file /opt/airflow/dags/from airflow import DAG.py for tasks to queue
[2025-01-06T20:42:36.997+0000] {logging_mixin.py:190} INFO - [2025-01-06T20:42:36.996+0000] {dagbag.py:588} INFO - Filling up the DagBag from /opt/airflow/dags/from airflow import DAG.py
[2025-01-06T20:42:37.009+0000] {processor.py:927} WARNING - No viable dags retrieved from /opt/airflow/dags/from airflow import DAG.py
[2025-01-06T20:42:37.022+0000] {processor.py:208} INFO - Processing /opt/airflow/dags/from airflow import DAG.py took 0.034 seconds
[2025-01-06T20:43:08.958+0000] {processor.py:186} INFO - Started process (PID=1929) to work on /opt/airflow/dags/from airflow import DAG.py
[2025-01-06T20:43:08.959+0000] {processor.py:914} INFO - Processing file /opt/airflow/dags/from airflow import DAG.py for tasks to queue
[2025-01-06T20:43:08.961+0000] {logging_mixin.py:190} INFO - [2025-01-06T20:43:08.961+0000] {dagbag.py:588} INFO - Filling up the DagBag from /opt/airflow/dags/from airflow import DAG.py
[2025-01-06T20:43:08.974+0000] {processor.py:927} WARNING - No viable dags retrieved from /opt/airflow/dags/from airflow import DAG.py
[2025-01-06T20:43:08.987+0000] {processor.py:208} INFO - Processing /opt/airflow/dags/from airflow import DAG.py took 0.035 seconds
[2025-01-06T20:43:39.079+0000] {processor.py:186} INFO - Started process (PID=1989) to work on /opt/airflow/dags/from airflow import DAG.py
[2025-01-06T20:43:39.080+0000] {processor.py:914} INFO - Processing file /opt/airflow/dags/from airflow import DAG.py for tasks to queue
[2025-01-06T20:43:39.082+0000] {logging_mixin.py:190} INFO - [2025-01-06T20:43:39.082+0000] {dagbag.py:588} INFO - Filling up the DagBag from /opt/airflow/dags/from airflow import DAG.py
[2025-01-06T20:43:39.093+0000] {processor.py:927} WARNING - No viable dags retrieved from /opt/airflow/dags/from airflow import DAG.py
[2025-01-06T20:43:39.104+0000] {processor.py:208} INFO - Processing /opt/airflow/dags/from airflow import DAG.py took 0.032 seconds
[2025-01-06T20:44:10.079+0000] {processor.py:186} INFO - Started process (PID=2049) to work on /opt/airflow/dags/from airflow import DAG.py
[2025-01-06T20:44:10.080+0000] {processor.py:914} INFO - Processing file /opt/airflow/dags/from airflow import DAG.py for tasks to queue
[2025-01-06T20:44:10.082+0000] {logging_mixin.py:190} INFO - [2025-01-06T20:44:10.082+0000] {dagbag.py:588} INFO - Filling up the DagBag from /opt/airflow/dags/from airflow import DAG.py
[2025-01-06T20:44:10.093+0000] {processor.py:927} WARNING - No viable dags retrieved from /opt/airflow/dags/from airflow import DAG.py
[2025-01-06T20:44:10.104+0000] {processor.py:208} INFO - Processing /opt/airflow/dags/from airflow import DAG.py took 0.030 seconds
[2025-01-06T20:44:40.360+0000] {processor.py:186} INFO - Started process (PID=2102) to work on /opt/airflow/dags/from airflow import DAG.py
[2025-01-06T20:44:40.360+0000] {processor.py:914} INFO - Processing file /opt/airflow/dags/from airflow import DAG.py for tasks to queue
[2025-01-06T20:44:40.362+0000] {logging_mixin.py:190} INFO - [2025-01-06T20:44:40.362+0000] {dagbag.py:588} INFO - Filling up the DagBag from /opt/airflow/dags/from airflow import DAG.py
[2025-01-06T20:44:40.374+0000] {processor.py:927} WARNING - No viable dags retrieved from /opt/airflow/dags/from airflow import DAG.py
[2025-01-06T20:44:40.387+0000] {processor.py:208} INFO - Processing /opt/airflow/dags/from airflow import DAG.py took 0.033 seconds
[2025-01-06T20:45:11.094+0000] {processor.py:186} INFO - Started process (PID=2165) to work on /opt/airflow/dags/from airflow import DAG.py
[2025-01-06T20:45:11.095+0000] {processor.py:914} INFO - Processing file /opt/airflow/dags/from airflow import DAG.py for tasks to queue
[2025-01-06T20:45:11.097+0000] {logging_mixin.py:190} INFO - [2025-01-06T20:45:11.097+0000] {dagbag.py:588} INFO - Filling up the DagBag from /opt/airflow/dags/from airflow import DAG.py
[2025-01-06T20:45:11.108+0000] {processor.py:927} WARNING - No viable dags retrieved from /opt/airflow/dags/from airflow import DAG.py
[2025-01-06T20:45:11.122+0000] {processor.py:208} INFO - Processing /opt/airflow/dags/from airflow import DAG.py took 0.033 seconds
[2025-01-06T20:45:41.213+0000] {processor.py:186} INFO - Started process (PID=2226) to work on /opt/airflow/dags/from airflow import DAG.py
[2025-01-06T20:45:41.214+0000] {processor.py:914} INFO - Processing file /opt/airflow/dags/from airflow import DAG.py for tasks to queue
[2025-01-06T20:45:41.217+0000] {logging_mixin.py:190} INFO - [2025-01-06T20:45:41.216+0000] {dagbag.py:588} INFO - Filling up the DagBag from /opt/airflow/dags/from airflow import DAG.py
[2025-01-06T20:45:41.230+0000] {processor.py:927} WARNING - No viable dags retrieved from /opt/airflow/dags/from airflow import DAG.py
[2025-01-06T20:45:41.246+0000] {processor.py:208} INFO - Processing /opt/airflow/dags/from airflow import DAG.py took 0.039 seconds
[2025-01-06T20:46:11.372+0000] {processor.py:186} INFO - Started process (PID=2290) to work on /opt/airflow/dags/from airflow import DAG.py
[2025-01-06T20:46:11.373+0000] {processor.py:914} INFO - Processing file /opt/airflow/dags/from airflow import DAG.py for tasks to queue
[2025-01-06T20:46:11.375+0000] {logging_mixin.py:190} INFO - [2025-01-06T20:46:11.375+0000] {dagbag.py:588} INFO - Filling up the DagBag from /opt/airflow/dags/from airflow import DAG.py
[2025-01-06T20:46:11.387+0000] {processor.py:927} WARNING - No viable dags retrieved from /opt/airflow/dags/from airflow import DAG.py
[2025-01-06T20:46:11.398+0000] {processor.py:208} INFO - Processing /opt/airflow/dags/from airflow import DAG.py took 0.032 seconds
[2025-01-06T20:46:42.157+0000] {processor.py:186} INFO - Started process (PID=2354) to work on /opt/airflow/dags/from airflow import DAG.py
[2025-01-06T20:46:42.158+0000] {processor.py:914} INFO - Processing file /opt/airflow/dags/from airflow import DAG.py for tasks to queue
[2025-01-06T20:46:42.159+0000] {logging_mixin.py:190} INFO - [2025-01-06T20:46:42.159+0000] {dagbag.py:588} INFO - Filling up the DagBag from /opt/airflow/dags/from airflow import DAG.py
[2025-01-06T20:46:42.171+0000] {processor.py:927} WARNING - No viable dags retrieved from /opt/airflow/dags/from airflow import DAG.py
[2025-01-06T20:46:42.181+0000] {processor.py:208} INFO - Processing /opt/airflow/dags/from airflow import DAG.py took 0.029 seconds
[2025-01-06T20:47:13.124+0000] {processor.py:186} INFO - Started process (PID=2418) to work on /opt/airflow/dags/from airflow import DAG.py
[2025-01-06T20:47:13.125+0000] {processor.py:914} INFO - Processing file /opt/airflow/dags/from airflow import DAG.py for tasks to queue
[2025-01-06T20:47:13.128+0000] {logging_mixin.py:190} INFO - [2025-01-06T20:47:13.127+0000] {dagbag.py:588} INFO - Filling up the DagBag from /opt/airflow/dags/from airflow import DAG.py
[2025-01-06T20:47:13.139+0000] {processor.py:927} WARNING - No viable dags retrieved from /opt/airflow/dags/from airflow import DAG.py
[2025-01-06T20:47:13.152+0000] {processor.py:208} INFO - Processing /opt/airflow/dags/from airflow import DAG.py took 0.035 seconds
[2025-01-06T20:47:43.332+0000] {processor.py:186} INFO - Started process (PID=2482) to work on /opt/airflow/dags/from airflow import DAG.py
[2025-01-06T20:47:43.333+0000] {processor.py:914} INFO - Processing file /opt/airflow/dags/from airflow import DAG.py for tasks to queue
[2025-01-06T20:47:43.336+0000] {logging_mixin.py:190} INFO - [2025-01-06T20:47:43.335+0000] {dagbag.py:588} INFO - Filling up the DagBag from /opt/airflow/dags/from airflow import DAG.py
[2025-01-06T20:47:43.347+0000] {processor.py:927} WARNING - No viable dags retrieved from /opt/airflow/dags/from airflow import DAG.py
[2025-01-06T20:47:43.359+0000] {processor.py:208} INFO - Processing /opt/airflow/dags/from airflow import DAG.py took 0.033 seconds
[2025-01-06T20:48:13.687+0000] {processor.py:186} INFO - Started process (PID=2546) to work on /opt/airflow/dags/from airflow import DAG.py
[2025-01-06T20:48:13.688+0000] {processor.py:914} INFO - Processing file /opt/airflow/dags/from airflow import DAG.py for tasks to queue
[2025-01-06T20:48:13.690+0000] {logging_mixin.py:190} INFO - [2025-01-06T20:48:13.690+0000] {dagbag.py:588} INFO - Filling up the DagBag from /opt/airflow/dags/from airflow import DAG.py
[2025-01-06T20:48:13.703+0000] {processor.py:927} WARNING - No viable dags retrieved from /opt/airflow/dags/from airflow import DAG.py
[2025-01-06T20:48:13.716+0000] {processor.py:208} INFO - Processing /opt/airflow/dags/from airflow import DAG.py took 0.034 seconds
[2025-01-06T20:48:43.878+0000] {processor.py:186} INFO - Started process (PID=2610) to work on /opt/airflow/dags/from airflow import DAG.py
[2025-01-06T20:48:43.879+0000] {processor.py:914} INFO - Processing file /opt/airflow/dags/from airflow import DAG.py for tasks to queue
[2025-01-06T20:48:43.882+0000] {logging_mixin.py:190} INFO - [2025-01-06T20:48:43.882+0000] {dagbag.py:588} INFO - Filling up the DagBag from /opt/airflow/dags/from airflow import DAG.py
[2025-01-06T20:48:43.894+0000] {processor.py:927} WARNING - No viable dags retrieved from /opt/airflow/dags/from airflow import DAG.py
[2025-01-06T20:48:43.907+0000] {processor.py:208} INFO - Processing /opt/airflow/dags/from airflow import DAG.py took 0.036 seconds
[2025-01-06T20:49:14.812+0000] {processor.py:186} INFO - Started process (PID=2674) to work on /opt/airflow/dags/from airflow import DAG.py
[2025-01-06T20:49:14.813+0000] {processor.py:914} INFO - Processing file /opt/airflow/dags/from airflow import DAG.py for tasks to queue
[2025-01-06T20:49:14.816+0000] {logging_mixin.py:190} INFO - [2025-01-06T20:49:14.816+0000] {dagbag.py:588} INFO - Filling up the DagBag from /opt/airflow/dags/from airflow import DAG.py
[2025-01-06T20:49:14.828+0000] {processor.py:927} WARNING - No viable dags retrieved from /opt/airflow/dags/from airflow import DAG.py
[2025-01-06T20:49:14.839+0000] {processor.py:208} INFO - Processing /opt/airflow/dags/from airflow import DAG.py took 0.042 seconds
[2025-01-06T20:49:45.510+0000] {processor.py:186} INFO - Started process (PID=2738) to work on /opt/airflow/dags/from airflow import DAG.py
[2025-01-06T20:49:45.511+0000] {processor.py:914} INFO - Processing file /opt/airflow/dags/from airflow import DAG.py for tasks to queue
[2025-01-06T20:49:45.514+0000] {logging_mixin.py:190} INFO - [2025-01-06T20:49:45.513+0000] {dagbag.py:588} INFO - Filling up the DagBag from /opt/airflow/dags/from airflow import DAG.py
[2025-01-06T20:49:45.525+0000] {processor.py:927} WARNING - No viable dags retrieved from /opt/airflow/dags/from airflow import DAG.py
[2025-01-06T20:49:45.537+0000] {processor.py:208} INFO - Processing /opt/airflow/dags/from airflow import DAG.py took 0.033 seconds
[2025-01-06T20:50:16.353+0000] {processor.py:186} INFO - Started process (PID=2802) to work on /opt/airflow/dags/from airflow import DAG.py
[2025-01-06T20:50:16.361+0000] {processor.py:914} INFO - Processing file /opt/airflow/dags/from airflow import DAG.py for tasks to queue
[2025-01-06T20:50:16.367+0000] {logging_mixin.py:190} INFO - [2025-01-06T20:50:16.366+0000] {dagbag.py:588} INFO - Filling up the DagBag from /opt/airflow/dags/from airflow import DAG.py
[2025-01-06T20:50:16.395+0000] {processor.py:927} WARNING - No viable dags retrieved from /opt/airflow/dags/from airflow import DAG.py
[2025-01-06T20:50:16.412+0000] {processor.py:208} INFO - Processing /opt/airflow/dags/from airflow import DAG.py took 0.065 seconds
[2025-01-06T20:50:46.996+0000] {processor.py:186} INFO - Started process (PID=2866) to work on /opt/airflow/dags/from airflow import DAG.py
[2025-01-06T20:50:46.997+0000] {processor.py:914} INFO - Processing file /opt/airflow/dags/from airflow import DAG.py for tasks to queue
[2025-01-06T20:50:46.999+0000] {logging_mixin.py:190} INFO - [2025-01-06T20:50:46.999+0000] {dagbag.py:588} INFO - Filling up the DagBag from /opt/airflow/dags/from airflow import DAG.py
[2025-01-06T20:50:47.010+0000] {processor.py:927} WARNING - No viable dags retrieved from /opt/airflow/dags/from airflow import DAG.py
[2025-01-06T20:50:47.022+0000] {processor.py:208} INFO - Processing /opt/airflow/dags/from airflow import DAG.py took 0.030 seconds
[2025-01-06T20:51:17.852+0000] {processor.py:186} INFO - Started process (PID=2930) to work on /opt/airflow/dags/from airflow import DAG.py
[2025-01-06T20:51:17.853+0000] {processor.py:914} INFO - Processing file /opt/airflow/dags/from airflow import DAG.py for tasks to queue
[2025-01-06T20:51:17.855+0000] {logging_mixin.py:190} INFO - [2025-01-06T20:51:17.855+0000] {dagbag.py:588} INFO - Filling up the DagBag from /opt/airflow/dags/from airflow import DAG.py
[2025-01-06T20:51:17.866+0000] {processor.py:927} WARNING - No viable dags retrieved from /opt/airflow/dags/from airflow import DAG.py
[2025-01-06T20:51:17.877+0000] {processor.py:208} INFO - Processing /opt/airflow/dags/from airflow import DAG.py took 0.030 seconds
[2025-01-06T20:51:48.116+0000] {processor.py:186} INFO - Started process (PID=2994) to work on /opt/airflow/dags/from airflow import DAG.py
[2025-01-06T20:51:48.117+0000] {processor.py:914} INFO - Processing file /opt/airflow/dags/from airflow import DAG.py for tasks to queue
[2025-01-06T20:51:48.119+0000] {logging_mixin.py:190} INFO - [2025-01-06T20:51:48.119+0000] {dagbag.py:588} INFO - Filling up the DagBag from /opt/airflow/dags/from airflow import DAG.py
[2025-01-06T20:51:48.130+0000] {processor.py:927} WARNING - No viable dags retrieved from /opt/airflow/dags/from airflow import DAG.py
[2025-01-06T20:51:48.141+0000] {processor.py:208} INFO - Processing /opt/airflow/dags/from airflow import DAG.py took 0.030 seconds
[2025-01-06T20:52:19.027+0000] {processor.py:186} INFO - Started process (PID=3058) to work on /opt/airflow/dags/from airflow import DAG.py
[2025-01-06T20:52:19.027+0000] {processor.py:914} INFO - Processing file /opt/airflow/dags/from airflow import DAG.py for tasks to queue
[2025-01-06T20:52:19.029+0000] {logging_mixin.py:190} INFO - [2025-01-06T20:52:19.029+0000] {dagbag.py:588} INFO - Filling up the DagBag from /opt/airflow/dags/from airflow import DAG.py
[2025-01-06T20:52:19.040+0000] {processor.py:927} WARNING - No viable dags retrieved from /opt/airflow/dags/from airflow import DAG.py
[2025-01-06T20:52:19.051+0000] {processor.py:208} INFO - Processing /opt/airflow/dags/from airflow import DAG.py took 0.029 seconds
[2025-01-06T20:52:49.950+0000] {processor.py:186} INFO - Started process (PID=3122) to work on /opt/airflow/dags/from airflow import DAG.py
[2025-01-06T20:52:49.951+0000] {processor.py:914} INFO - Processing file /opt/airflow/dags/from airflow import DAG.py for tasks to queue
[2025-01-06T20:52:49.953+0000] {logging_mixin.py:190} INFO - [2025-01-06T20:52:49.953+0000] {dagbag.py:588} INFO - Filling up the DagBag from /opt/airflow/dags/from airflow import DAG.py
[2025-01-06T20:52:49.963+0000] {processor.py:927} WARNING - No viable dags retrieved from /opt/airflow/dags/from airflow import DAG.py
[2025-01-06T20:52:49.974+0000] {processor.py:208} INFO - Processing /opt/airflow/dags/from airflow import DAG.py took 0.029 seconds
[2025-01-06T20:53:20.195+0000] {processor.py:186} INFO - Started process (PID=3186) to work on /opt/airflow/dags/from airflow import DAG.py
[2025-01-06T20:53:20.196+0000] {processor.py:914} INFO - Processing file /opt/airflow/dags/from airflow import DAG.py for tasks to queue
[2025-01-06T20:53:20.199+0000] {logging_mixin.py:190} INFO - [2025-01-06T20:53:20.199+0000] {dagbag.py:588} INFO - Filling up the DagBag from /opt/airflow/dags/from airflow import DAG.py
[2025-01-06T20:53:20.212+0000] {processor.py:927} WARNING - No viable dags retrieved from /opt/airflow/dags/from airflow import DAG.py
[2025-01-06T20:53:20.229+0000] {processor.py:208} INFO - Processing /opt/airflow/dags/from airflow import DAG.py took 0.041 seconds
[2025-01-06T20:53:50.445+0000] {processor.py:186} INFO - Started process (PID=3250) to work on /opt/airflow/dags/from airflow import DAG.py
[2025-01-06T20:53:50.446+0000] {processor.py:914} INFO - Processing file /opt/airflow/dags/from airflow import DAG.py for tasks to queue
[2025-01-06T20:53:50.447+0000] {logging_mixin.py:190} INFO - [2025-01-06T20:53:50.447+0000] {dagbag.py:588} INFO - Filling up the DagBag from /opt/airflow/dags/from airflow import DAG.py
[2025-01-06T20:53:50.460+0000] {processor.py:927} WARNING - No viable dags retrieved from /opt/airflow/dags/from airflow import DAG.py
[2025-01-06T20:53:50.473+0000] {processor.py:208} INFO - Processing /opt/airflow/dags/from airflow import DAG.py took 0.034 seconds
[2025-01-06T20:54:20.590+0000] {processor.py:186} INFO - Started process (PID=3314) to work on /opt/airflow/dags/from airflow import DAG.py
[2025-01-06T20:54:20.591+0000] {processor.py:914} INFO - Processing file /opt/airflow/dags/from airflow import DAG.py for tasks to queue
[2025-01-06T20:54:20.593+0000] {logging_mixin.py:190} INFO - [2025-01-06T20:54:20.593+0000] {dagbag.py:588} INFO - Filling up the DagBag from /opt/airflow/dags/from airflow import DAG.py
[2025-01-06T20:54:20.605+0000] {processor.py:927} WARNING - No viable dags retrieved from /opt/airflow/dags/from airflow import DAG.py
[2025-01-06T20:54:20.617+0000] {processor.py:208} INFO - Processing /opt/airflow/dags/from airflow import DAG.py took 0.033 seconds
[2025-01-06T20:54:51.226+0000] {processor.py:186} INFO - Started process (PID=3378) to work on /opt/airflow/dags/from airflow import DAG.py
[2025-01-06T20:54:51.227+0000] {processor.py:914} INFO - Processing file /opt/airflow/dags/from airflow import DAG.py for tasks to queue
[2025-01-06T20:54:51.229+0000] {logging_mixin.py:190} INFO - [2025-01-06T20:54:51.229+0000] {dagbag.py:588} INFO - Filling up the DagBag from /opt/airflow/dags/from airflow import DAG.py
[2025-01-06T20:54:51.241+0000] {processor.py:927} WARNING - No viable dags retrieved from /opt/airflow/dags/from airflow import DAG.py
[2025-01-06T20:54:51.254+0000] {processor.py:208} INFO - Processing /opt/airflow/dags/from airflow import DAG.py took 0.034 seconds
[2025-01-06T20:55:21.672+0000] {processor.py:186} INFO - Started process (PID=3442) to work on /opt/airflow/dags/from airflow import DAG.py
[2025-01-06T20:55:21.673+0000] {processor.py:914} INFO - Processing file /opt/airflow/dags/from airflow import DAG.py for tasks to queue
[2025-01-06T20:55:21.676+0000] {logging_mixin.py:190} INFO - [2025-01-06T20:55:21.676+0000] {dagbag.py:588} INFO - Filling up the DagBag from /opt/airflow/dags/from airflow import DAG.py
[2025-01-06T20:55:21.688+0000] {processor.py:927} WARNING - No viable dags retrieved from /opt/airflow/dags/from airflow import DAG.py
[2025-01-06T20:55:21.704+0000] {processor.py:208} INFO - Processing /opt/airflow/dags/from airflow import DAG.py took 0.040 seconds
[2025-01-06T20:55:52.111+0000] {processor.py:186} INFO - Started process (PID=3506) to work on /opt/airflow/dags/from airflow import DAG.py
[2025-01-06T20:55:52.111+0000] {processor.py:914} INFO - Processing file /opt/airflow/dags/from airflow import DAG.py for tasks to queue
[2025-01-06T20:55:52.113+0000] {logging_mixin.py:190} INFO - [2025-01-06T20:55:52.113+0000] {dagbag.py:588} INFO - Filling up the DagBag from /opt/airflow/dags/from airflow import DAG.py
[2025-01-06T20:55:52.124+0000] {processor.py:927} WARNING - No viable dags retrieved from /opt/airflow/dags/from airflow import DAG.py
[2025-01-06T20:55:52.135+0000] {processor.py:208} INFO - Processing /opt/airflow/dags/from airflow import DAG.py took 0.030 seconds
[2025-01-06T20:56:22.374+0000] {processor.py:186} INFO - Started process (PID=3570) to work on /opt/airflow/dags/from airflow import DAG.py
[2025-01-06T20:56:22.376+0000] {processor.py:914} INFO - Processing file /opt/airflow/dags/from airflow import DAG.py for tasks to queue
[2025-01-06T20:56:22.378+0000] {logging_mixin.py:190} INFO - [2025-01-06T20:56:22.378+0000] {dagbag.py:588} INFO - Filling up the DagBag from /opt/airflow/dags/from airflow import DAG.py
[2025-01-06T20:56:22.389+0000] {processor.py:927} WARNING - No viable dags retrieved from /opt/airflow/dags/from airflow import DAG.py
[2025-01-06T20:56:22.403+0000] {processor.py:208} INFO - Processing /opt/airflow/dags/from airflow import DAG.py took 0.035 seconds
[2025-01-06T20:56:53.379+0000] {processor.py:186} INFO - Started process (PID=3634) to work on /opt/airflow/dags/from airflow import DAG.py
[2025-01-06T20:56:53.380+0000] {processor.py:914} INFO - Processing file /opt/airflow/dags/from airflow import DAG.py for tasks to queue
[2025-01-06T20:56:53.382+0000] {logging_mixin.py:190} INFO - [2025-01-06T20:56:53.382+0000] {dagbag.py:588} INFO - Filling up the DagBag from /opt/airflow/dags/from airflow import DAG.py
[2025-01-06T20:56:53.397+0000] {processor.py:927} WARNING - No viable dags retrieved from /opt/airflow/dags/from airflow import DAG.py
[2025-01-06T20:56:53.411+0000] {processor.py:208} INFO - Processing /opt/airflow/dags/from airflow import DAG.py took 0.038 seconds
[2025-01-06T20:57:24.350+0000] {processor.py:186} INFO - Started process (PID=3698) to work on /opt/airflow/dags/from airflow import DAG.py
[2025-01-06T20:57:24.351+0000] {processor.py:914} INFO - Processing file /opt/airflow/dags/from airflow import DAG.py for tasks to queue
[2025-01-06T20:57:24.354+0000] {logging_mixin.py:190} INFO - [2025-01-06T20:57:24.353+0000] {dagbag.py:588} INFO - Filling up the DagBag from /opt/airflow/dags/from airflow import DAG.py
[2025-01-06T20:57:24.365+0000] {processor.py:927} WARNING - No viable dags retrieved from /opt/airflow/dags/from airflow import DAG.py
[2025-01-06T20:57:24.376+0000] {processor.py:208} INFO - Processing /opt/airflow/dags/from airflow import DAG.py took 0.031 seconds
[2025-01-06T20:57:54.947+0000] {processor.py:186} INFO - Started process (PID=3762) to work on /opt/airflow/dags/from airflow import DAG.py
[2025-01-06T20:57:54.948+0000] {processor.py:914} INFO - Processing file /opt/airflow/dags/from airflow import DAG.py for tasks to queue
[2025-01-06T20:57:54.950+0000] {logging_mixin.py:190} INFO - [2025-01-06T20:57:54.949+0000] {dagbag.py:588} INFO - Filling up the DagBag from /opt/airflow/dags/from airflow import DAG.py
[2025-01-06T20:57:54.961+0000] {processor.py:927} WARNING - No viable dags retrieved from /opt/airflow/dags/from airflow import DAG.py
[2025-01-06T20:57:54.973+0000] {processor.py:208} INFO - Processing /opt/airflow/dags/from airflow import DAG.py took 0.031 seconds
[2025-01-06T20:58:25.566+0000] {processor.py:186} INFO - Started process (PID=3826) to work on /opt/airflow/dags/from airflow import DAG.py
[2025-01-06T20:58:25.567+0000] {processor.py:914} INFO - Processing file /opt/airflow/dags/from airflow import DAG.py for tasks to queue
[2025-01-06T20:58:25.569+0000] {logging_mixin.py:190} INFO - [2025-01-06T20:58:25.568+0000] {dagbag.py:588} INFO - Filling up the DagBag from /opt/airflow/dags/from airflow import DAG.py
[2025-01-06T20:58:25.588+0000] {processor.py:927} WARNING - No viable dags retrieved from /opt/airflow/dags/from airflow import DAG.py
[2025-01-06T20:58:25.615+0000] {processor.py:208} INFO - Processing /opt/airflow/dags/from airflow import DAG.py took 0.058 seconds
[2025-01-06T20:58:55.860+0000] {processor.py:186} INFO - Started process (PID=3890) to work on /opt/airflow/dags/from airflow import DAG.py
[2025-01-06T20:58:55.861+0000] {processor.py:914} INFO - Processing file /opt/airflow/dags/from airflow import DAG.py for tasks to queue
[2025-01-06T20:58:55.864+0000] {logging_mixin.py:190} INFO - [2025-01-06T20:58:55.863+0000] {dagbag.py:588} INFO - Filling up the DagBag from /opt/airflow/dags/from airflow import DAG.py
[2025-01-06T20:58:55.964+0000] {processor.py:927} WARNING - No viable dags retrieved from /opt/airflow/dags/from airflow import DAG.py
[2025-01-06T20:58:55.982+0000] {processor.py:208} INFO - Processing /opt/airflow/dags/from airflow import DAG.py took 0.134 seconds
[2025-01-06T20:59:26.789+0000] {processor.py:186} INFO - Started process (PID=3954) to work on /opt/airflow/dags/from airflow import DAG.py
[2025-01-06T20:59:26.790+0000] {processor.py:914} INFO - Processing file /opt/airflow/dags/from airflow import DAG.py for tasks to queue
[2025-01-06T20:59:26.792+0000] {logging_mixin.py:190} INFO - [2025-01-06T20:59:26.792+0000] {dagbag.py:588} INFO - Filling up the DagBag from /opt/airflow/dags/from airflow import DAG.py
[2025-01-06T20:59:26.803+0000] {processor.py:927} WARNING - No viable dags retrieved from /opt/airflow/dags/from airflow import DAG.py
[2025-01-06T20:59:26.814+0000] {processor.py:208} INFO - Processing /opt/airflow/dags/from airflow import DAG.py took 0.030 seconds
[2025-01-06T20:59:57.532+0000] {processor.py:186} INFO - Started process (PID=4018) to work on /opt/airflow/dags/from airflow import DAG.py
[2025-01-06T20:59:57.532+0000] {processor.py:914} INFO - Processing file /opt/airflow/dags/from airflow import DAG.py for tasks to queue
[2025-01-06T20:59:57.536+0000] {logging_mixin.py:190} INFO - [2025-01-06T20:59:57.535+0000] {dagbag.py:588} INFO - Filling up the DagBag from /opt/airflow/dags/from airflow import DAG.py
[2025-01-06T20:59:57.548+0000] {processor.py:927} WARNING - No viable dags retrieved from /opt/airflow/dags/from airflow import DAG.py
[2025-01-06T20:59:57.560+0000] {processor.py:208} INFO - Processing /opt/airflow/dags/from airflow import DAG.py took 0.035 seconds
[2025-01-06T21:00:28.138+0000] {processor.py:186} INFO - Started process (PID=4083) to work on /opt/airflow/dags/from airflow import DAG.py
[2025-01-06T21:00:28.138+0000] {processor.py:914} INFO - Processing file /opt/airflow/dags/from airflow import DAG.py for tasks to queue
[2025-01-06T21:00:28.140+0000] {logging_mixin.py:190} INFO - [2025-01-06T21:00:28.140+0000] {dagbag.py:588} INFO - Filling up the DagBag from /opt/airflow/dags/from airflow import DAG.py
[2025-01-06T21:00:28.151+0000] {processor.py:927} WARNING - No viable dags retrieved from /opt/airflow/dags/from airflow import DAG.py
[2025-01-06T21:00:28.163+0000] {processor.py:208} INFO - Processing /opt/airflow/dags/from airflow import DAG.py took 0.030 seconds
[2025-01-06T21:00:59.165+0000] {processor.py:186} INFO - Started process (PID=4147) to work on /opt/airflow/dags/from airflow import DAG.py
[2025-01-06T21:00:59.166+0000] {processor.py:914} INFO - Processing file /opt/airflow/dags/from airflow import DAG.py for tasks to queue
[2025-01-06T21:00:59.168+0000] {logging_mixin.py:190} INFO - [2025-01-06T21:00:59.168+0000] {dagbag.py:588} INFO - Filling up the DagBag from /opt/airflow/dags/from airflow import DAG.py
[2025-01-06T21:00:59.179+0000] {processor.py:927} WARNING - No viable dags retrieved from /opt/airflow/dags/from airflow import DAG.py
[2025-01-06T21:00:59.197+0000] {processor.py:208} INFO - Processing /opt/airflow/dags/from airflow import DAG.py took 0.037 seconds
[2025-01-06T21:01:29.361+0000] {processor.py:186} INFO - Started process (PID=4211) to work on /opt/airflow/dags/from airflow import DAG.py
[2025-01-06T21:01:29.362+0000] {processor.py:914} INFO - Processing file /opt/airflow/dags/from airflow import DAG.py for tasks to queue
[2025-01-06T21:01:29.364+0000] {logging_mixin.py:190} INFO - [2025-01-06T21:01:29.364+0000] {dagbag.py:588} INFO - Filling up the DagBag from /opt/airflow/dags/from airflow import DAG.py
[2025-01-06T21:01:29.375+0000] {processor.py:927} WARNING - No viable dags retrieved from /opt/airflow/dags/from airflow import DAG.py
[2025-01-06T21:01:29.386+0000] {processor.py:208} INFO - Processing /opt/airflow/dags/from airflow import DAG.py took 0.030 seconds
[2025-01-06T21:01:59.476+0000] {processor.py:186} INFO - Started process (PID=4275) to work on /opt/airflow/dags/from airflow import DAG.py
[2025-01-06T21:01:59.477+0000] {processor.py:914} INFO - Processing file /opt/airflow/dags/from airflow import DAG.py for tasks to queue
[2025-01-06T21:01:59.479+0000] {logging_mixin.py:190} INFO - [2025-01-06T21:01:59.479+0000] {dagbag.py:588} INFO - Filling up the DagBag from /opt/airflow/dags/from airflow import DAG.py
[2025-01-06T21:01:59.491+0000] {processor.py:927} WARNING - No viable dags retrieved from /opt/airflow/dags/from airflow import DAG.py
[2025-01-06T21:01:59.503+0000] {processor.py:208} INFO - Processing /opt/airflow/dags/from airflow import DAG.py took 0.032 seconds
[2025-01-06T21:04:20.642+0000] {processor.py:186} INFO - Started process (PID=57) to work on /opt/airflow/dags/from airflow import DAG.py
[2025-01-06T21:04:20.643+0000] {processor.py:914} INFO - Processing file /opt/airflow/dags/from airflow import DAG.py for tasks to queue
[2025-01-06T21:04:20.647+0000] {logging_mixin.py:190} INFO - [2025-01-06T21:04:20.646+0000] {dagbag.py:588} INFO - Filling up the DagBag from /opt/airflow/dags/from airflow import DAG.py
[2025-01-06T21:04:20.665+0000] {processor.py:927} WARNING - No viable dags retrieved from /opt/airflow/dags/from airflow import DAG.py
[2025-01-06T21:04:20.684+0000] {processor.py:208} INFO - Processing /opt/airflow/dags/from airflow import DAG.py took 0.050 seconds
[2025-01-06T21:04:51.585+0000] {processor.py:186} INFO - Started process (PID=120) to work on /opt/airflow/dags/from airflow import DAG.py
[2025-01-06T21:04:51.586+0000] {processor.py:914} INFO - Processing file /opt/airflow/dags/from airflow import DAG.py for tasks to queue
[2025-01-06T21:04:51.588+0000] {logging_mixin.py:190} INFO - [2025-01-06T21:04:51.588+0000] {dagbag.py:588} INFO - Filling up the DagBag from /opt/airflow/dags/from airflow import DAG.py
[2025-01-06T21:04:51.603+0000] {processor.py:927} WARNING - No viable dags retrieved from /opt/airflow/dags/from airflow import DAG.py
[2025-01-06T21:04:51.617+0000] {processor.py:208} INFO - Processing /opt/airflow/dags/from airflow import DAG.py took 0.038 seconds
[2025-01-06T21:05:22.084+0000] {processor.py:186} INFO - Started process (PID=184) to work on /opt/airflow/dags/from airflow import DAG.py
[2025-01-06T21:05:22.085+0000] {processor.py:914} INFO - Processing file /opt/airflow/dags/from airflow import DAG.py for tasks to queue
[2025-01-06T21:05:22.088+0000] {logging_mixin.py:190} INFO - [2025-01-06T21:05:22.087+0000] {dagbag.py:588} INFO - Filling up the DagBag from /opt/airflow/dags/from airflow import DAG.py
[2025-01-06T21:05:22.099+0000] {processor.py:927} WARNING - No viable dags retrieved from /opt/airflow/dags/from airflow import DAG.py
[2025-01-06T21:05:22.113+0000] {processor.py:208} INFO - Processing /opt/airflow/dags/from airflow import DAG.py took 0.037 seconds
[2025-01-06T21:05:52.298+0000] {processor.py:186} INFO - Started process (PID=248) to work on /opt/airflow/dags/from airflow import DAG.py
[2025-01-06T21:05:52.299+0000] {processor.py:914} INFO - Processing file /opt/airflow/dags/from airflow import DAG.py for tasks to queue
[2025-01-06T21:05:52.301+0000] {logging_mixin.py:190} INFO - [2025-01-06T21:05:52.301+0000] {dagbag.py:588} INFO - Filling up the DagBag from /opt/airflow/dags/from airflow import DAG.py
[2025-01-06T21:05:52.312+0000] {processor.py:927} WARNING - No viable dags retrieved from /opt/airflow/dags/from airflow import DAG.py
[2025-01-06T21:05:52.326+0000] {processor.py:208} INFO - Processing /opt/airflow/dags/from airflow import DAG.py took 0.034 seconds
[2025-01-06T21:06:22.642+0000] {processor.py:186} INFO - Started process (PID=312) to work on /opt/airflow/dags/from airflow import DAG.py
[2025-01-06T21:06:22.644+0000] {processor.py:914} INFO - Processing file /opt/airflow/dags/from airflow import DAG.py for tasks to queue
[2025-01-06T21:06:22.647+0000] {logging_mixin.py:190} INFO - [2025-01-06T21:06:22.647+0000] {dagbag.py:588} INFO - Filling up the DagBag from /opt/airflow/dags/from airflow import DAG.py
[2025-01-06T21:06:22.661+0000] {processor.py:927} WARNING - No viable dags retrieved from /opt/airflow/dags/from airflow import DAG.py
[2025-01-06T21:06:22.679+0000] {processor.py:208} INFO - Processing /opt/airflow/dags/from airflow import DAG.py took 0.046 seconds
